-------------------------------------------------------------------------------
Test set: ru.netology.manager.ProductManagerTest
-------------------------------------------------------------------------------
Tests run: 5, Failures: 5, Errors: 0, Skipped: 0, Time elapsed: 0.375 s <<< FAILURE! - in ru.netology.manager.ProductManagerTest
shouldUseEquals  Time elapsed: 0.203 s  <<< FAILURE!
org.opentest4j.AssertionFailedError: expected: <Product(id=1, name=Iphone, price=1000)> but was: <Product(id=1, name=Book, price=1000)>
	at ru.netology.manager.ProductManagerTest.shouldUseEquals(ProductManagerTest.java:48)

shouldSearchBySmartphoneName  Time elapsed: 0 s  <<< FAILURE!
org.opentest4j.AssertionFailedError: array lengths differ, expected: <1> but was: <0>
	at ru.netology.manager.ProductManagerTest.shouldSearchBySmartphoneName(ProductManagerTest.java:41)

shouldSearchByBookName  Time elapsed: 0.015 s  <<< FAILURE!
org.opentest4j.AssertionFailedError: array lengths differ, expected: <1> but was: <0>
	at ru.netology.manager.ProductManagerTest.shouldSearchByBookName(ProductManagerTest.java:21)

shouldSearchByBookAuthor  Time elapsed: 0 s  <<< FAILURE!
org.opentest4j.AssertionFailedError: array lengths differ, expected: <1> but was: <0>
	at ru.netology.manager.ProductManagerTest.shouldSearchByBookAuthor(ProductManagerTest.java:28)

shouldSearchBySmartphoneMaker  Time elapsed: 0 s  <<< FAILURE!
org.opentest4j.AssertionFailedError: array lengths differ, expected: <1> but was: <0>
	at ru.netology.manager.ProductManagerTest.shouldSearchBySmartphoneMaker(ProductManagerTest.java:34)

