<?xml version="1.0" encoding="UTF-8"?>
<testsuite xmlns:xsi="http://www.w3.org/2001/XMLSchema-instance" xsi:noNamespaceSchemaLocation="https://maven.apache.org/surefire/maven-surefire-plugin/xsd/surefire-test-report.xsd" name="ru.netology.manager.ProductManagerTest" time="0.375" tests="5" errors="0" skipped="0" failures="5">
  <properties>
[...]
</properties>
  <testcase name="shouldUseEquals" classname="ru.netology.manager.ProductManagerTest" time="0.203">
    <failure message="expected: &lt;Product(id=1, name=Iphone, price=1000)&gt; but was: &lt;Product(id=1, name=Book, price=1000)&gt;" type="org.opentest4j.AssertionFailedError"><![CDATA[org.opentest4j.AssertionFailedError: expected: <Product(id=1, name=Iphone, price=1000)> but was: <Product(id=1, name=Book, price=1000)>
	at ru.netology.manager.ProductManagerTest.shouldUseEquals(ProductManagerTest.java:48)
]]></failure>
  </testcase>
  <testcase name="shouldSearchBySmartphoneName" classname="ru.netology.manager.ProductManagerTest" time="0">
    <failure message="array lengths differ, expected: &lt;1&gt; but was: &lt;0&gt;" type="org.opentest4j.AssertionFailedError"><![CDATA[org.opentest4j.AssertionFailedError: array lengths differ, expected: <1> but was: <0>
	at ru.netology.manager.ProductManagerTest.shouldSearchBySmartphoneName(ProductManagerTest.java:41)
]]></failure>
  </testcase>
  <testcase name="shouldSearchByBookName" classname="ru.netology.manager.ProductManagerTest" time="0.015">
    <failure message="array lengths differ, expected: &lt;1&gt; but was: &lt;0&gt;" type="org.opentest4j.AssertionFailedError"><![CDATA[org.opentest4j.AssertionFailedError: array lengths differ, expected: <1> but was: <0>
	at ru.netology.manager.ProductManagerTest.shouldSearchByBookName(ProductManagerTest.java:21)
]]></failure>
  </testcase>
  <testcase name="shouldSearchByBookAuthor" classname="ru.netology.manager.ProductManagerTest" time="0">
    <failure message="array lengths differ, expected: &lt;1&gt; but was: &lt;0&gt;" type="org.opentest4j.AssertionFailedError"><![CDATA[org.opentest4j.AssertionFailedError: array lengths differ, expected: <1> but was: <0>
	at ru.netology.manager.ProductManagerTest.shouldSearchByBookAuthor(ProductManagerTest.java:28)
]]></failure>
  </testcase>
  <testcase name="shouldSearchBySmartphoneMaker" classname="ru.netology.manager.ProductManagerTest" time="0">
    <failure message="array lengths differ, expected: &lt;1&gt; but was: &lt;0&gt;" type="org.opentest4j.AssertionFailedError"><![CDATA[org.opentest4j.AssertionFailedError: array lengths differ, expected: <1> but was: <0>
	at ru.netology.manager.ProductManagerTest.shouldSearchBySmartphoneMaker(ProductManagerTest.java:34)
]]></failure>
  </testcase>
</testsuite>